2026-05-31T14:26:22.509620Z  INFO teatui: Starting application
2026-05-31T14:26:22.510012Z  INFO teatui::heartbeat: alive tick=1
2026-05-31T14:26:22.511336Z  INFO teatui::lifecycle: main loop entered
2026-05-31T14:26:22.511385Z TRACE teatui::loop: phase="pre_draw"
2026-05-31T14:26:22.516081Z DEBUG reqwest::connect: starting new connection: http://10.2.118.173:11434/
2026-05-31T14:26:22.516200Z DEBUG hyper_util::client::legacy::connect::http: connecting to 10.2.118.173:11434
2026-05-31T14:26:22.522144Z DEBUG teatui::perf: slow tui.draw elapsed_ms=10 screen=Landing
2026-05-31T14:26:22.522259Z TRACE teatui::loop: phase="pre_await"
2026-05-31T14:26:22.522840Z TRACE teatui::loop: phase="pre_draw"
2026-05-31T14:26:22.525587Z TRACE teatui::loop: phase="pre_await"
2026-05-31T14:26:22.526084Z TRACE teatui::loop: phase="pre_draw"
2026-05-31T14:26:22.528505Z TRACE teatui::loop: phase="pre_await"
2026-05-31T14:26:22.528892Z TRACE teatui::loop: phase="pre_draw"
2026-05-31T14:26:22.531067Z TRACE teatui::loop: phase="pre_await"
2026-05-31T14:26:22.531625Z TRACE teatui::loop: phase="pre_draw"
2026-05-31T14:26:22.533735Z TRACE teatui::loop: phase="pre_await"
2026-05-31T14:26:22.534041Z TRACE teatui::loop: phase="pre_draw"
2026-05-31T14:26:22.535965Z TRACE teatui::loop: phase="pre_await"
2026-05-31T14:26:22.536142Z TRACE teatui::loop: phase="pre_draw"
2026-05-31T14:26:22.537771Z TRACE teatui::loop: phase="pre_await"
2026-05-31T14:26:22.537975Z TRACE teatui::loop: phase="pre_draw"
2026-05-31T14:26:22.540158Z TRACE teatui::loop: phase="pre_await"
2026-05-31T14:26:22.540594Z TRACE teatui::loop: phase="pre_draw"
2026-05-31T14:26:22.542680Z TRACE teatui::loop: phase="pre_await"
2026-05-31T14:26:22.543358Z TRACE teatui::loop: phase="pre_draw"
2026-05-31T14:26:22.545085Z TRACE teatui::loop: phase="pre_await"
2026-05-31T14:26:22.545444Z TRACE teatui::loop: phase="pre_draw"
2026-05-31T14:26:22.548248Z TRACE teatui::loop: phase="pre_await"
2026-05-31T14:26:22.548514Z TRACE teatui::loop: phase="pre_draw"
2026-05-31T14:26:22.550608Z TRACE teatui::loop: phase="pre_await"
2026-05-31T14:26:22.550875Z TRACE teatui::loop: phase="pre_draw"
2026-05-31T14:26:22.552851Z TRACE teatui::loop: phase="pre_await"
2026-05-31T14:26:22.553210Z TRACE teatui::loop: phase="pre_draw"
2026-05-31T14:26:22.556323Z TRACE teatui::loop: phase="pre_await"
2026-05-31T14:26:22.556589Z TRACE teatui::loop: phase="pre_draw"
2026-05-31T14:26:22.560021Z TRACE teatui::loop: phase="pre_await"
2026-05-31T14:26:22.560239Z TRACE teatui::loop: phase="pre_draw"
2026-05-31T14:26:22.562145Z TRACE teatui::loop: phase="pre_await"
2026-05-31T14:26:22.562368Z TRACE teatui::loop: phase="pre_draw"
2026-05-31T14:26:22.564637Z TRACE teatui::loop: phase="pre_await"
2026-05-31T14:26:22.564895Z TRACE teatui::loop: phase="pre_draw"
2026-05-31T14:26:22.566525Z TRACE teatui::loop: phase="pre_await"
2026-05-31T14:26:22.566801Z TRACE teatui::loop: phase="pre_draw"
2026-05-31T14:26:22.568246Z TRACE teatui::loop: phase="pre_await"
2026-05-31T14:26:22.568474Z TRACE teatui::loop: phase="pre_draw"
2026-05-31T14:26:22.570130Z TRACE teatui::loop: phase="pre_await"
2026-05-31T14:26:22.570570Z TRACE teatui::loop: phase="pre_draw"
2026-05-31T14:26:22.572672Z TRACE teatui::loop: phase="pre_await"
2026-05-31T14:26:22.573009Z TRACE teatui::loop: phase="pre_draw"
2026-05-31T14:26:22.574900Z TRACE teatui::loop: phase="pre_await"
2026-05-31T14:26:22.597230Z TRACE teatui::loop: phase="pre_draw"
2026-05-31T14:26:22.598952Z TRACE teatui::loop: phase="pre_await"
2026-05-31T14:26:22.642644Z TRACE teatui::loop: phase="pre_draw"
2026-05-31T14:26:22.644475Z TRACE teatui::loop: phase="pre_await"
2026-05-31T14:26:22.735734Z DEBUG teatui::perf: long await on events.next elapsed_ms=91 event="tick"
2026-05-31T14:26:22.735849Z TRACE teatui::loop: phase="pre_draw"
2026-05-31T14:26:22.738019Z TRACE teatui::loop: phase="pre_await"
2026-05-31T14:26:22.761780Z TRACE teatui::loop: phase="pre_draw"
2026-05-31T14:26:22.763914Z TRACE teatui::loop: phase="pre_await"
2026-05-31T14:26:22.798131Z TRACE teatui::loop: phase="pre_draw"
2026-05-31T14:26:22.799681Z TRACE teatui::loop: phase="pre_await"
2026-05-31T14:26:22.885181Z DEBUG teatui::perf: long await on events.next elapsed_ms=85 event="tick"
2026-05-31T14:26:22.885288Z TRACE teatui::loop: phase="pre_draw"
2026-05-31T14:26:22.886620Z TRACE teatui::loop: phase="pre_await"
2026-05-31T14:26:22.921823Z TRACE teatui::loop: phase="pre_draw"
2026-05-31T14:26:22.924915Z TRACE teatui::loop: phase="pre_await"
2026-05-31T14:26:23.013116Z DEBUG teatui::perf: long await on events.next elapsed_ms=88 event="tick"
2026-05-31T14:26:23.013338Z TRACE teatui::loop: phase="pre_draw"
2026-05-31T14:26:23.016874Z TRACE teatui::loop: phase="pre_await"
2026-05-31T14:26:23.261804Z DEBUG teatui::perf: long await on events.next elapsed_ms=244 event="tick"
2026-05-31T14:26:23.261902Z TRACE teatui::loop: phase="pre_draw"
2026-05-31T14:26:23.263224Z TRACE teatui::loop: phase="pre_await"
2026-05-31T14:26:23.515537Z DEBUG teatui::perf: long await on events.next elapsed_ms=252 event="tick"
2026-05-31T14:26:23.515533Z  INFO teatui::heartbeat: alive tick=2
2026-05-31T14:26:23.515622Z TRACE teatui::loop: phase="pre_draw"
2026-05-31T14:26:23.516993Z TRACE teatui::loop: phase="pre_await"
2026-05-31T14:26:23.765270Z DEBUG teatui::perf: long await on events.next elapsed_ms=248 event="tick"
2026-05-31T14:26:23.765385Z TRACE teatui::loop: phase="pre_draw"
2026-05-31T14:26:23.766999Z TRACE teatui::loop: phase="pre_await"
2026-05-31T14:26:24.018047Z DEBUG teatui::perf: long await on events.next elapsed_ms=250 event="tick"
2026-05-31T14:26:24.018143Z TRACE teatui::loop: phase="pre_draw"
2026-05-31T14:26:24.019443Z TRACE teatui::loop: phase="pre_await"
2026-05-31T14:26:24.269988Z DEBUG teatui::perf: long await on events.next elapsed_ms=250 event="tick"
2026-05-31T14:26:24.270084Z TRACE teatui::loop: phase="pre_draw"
2026-05-31T14:26:24.271471Z TRACE teatui::loop: phase="pre_await"
2026-05-31T14:26:24.522473Z  INFO teatui::heartbeat: alive tick=3
2026-05-31T14:26:24.522473Z DEBUG teatui::perf: long await on events.next elapsed_ms=250 event="tick"
2026-05-31T14:26:24.522731Z TRACE teatui::loop: phase="pre_draw"
2026-05-31T14:26:24.524724Z TRACE teatui::loop: phase="pre_await"
2026-05-31T14:26:24.762163Z DEBUG teatui::perf: long await on events.next elapsed_ms=237 event="tick"
2026-05-31T14:26:24.762269Z TRACE teatui::loop: phase="pre_draw"
2026-05-31T14:26:24.763494Z TRACE teatui::loop: phase="pre_await"
2026-05-31T14:26:25.011844Z DEBUG teatui::perf: long await on events.next elapsed_ms=248 event="tick"
2026-05-31T14:26:25.011978Z TRACE teatui::loop: phase="pre_draw"
2026-05-31T14:26:25.013765Z TRACE teatui::loop: phase="pre_await"
2026-05-31T14:26:25.125730Z DEBUG teatui::perf: long await on events.next elapsed_ms=111 event="bg:revsets"
2026-05-31T14:26:25.125929Z TRACE teatui::loop: phase="pre_draw"
2026-05-31T14:26:25.127097Z TRACE teatui::loop: phase="pre_await"
2026-05-31T14:26:25.268204Z DEBUG teatui::perf: long await on events.next elapsed_ms=141 event="tick"
2026-05-31T14:26:25.268380Z TRACE teatui::loop: phase="pre_draw"
2026-05-31T14:26:25.271109Z TRACE teatui::loop: phase="pre_await"
2026-05-31T14:26:25.510366Z  INFO teatui::heartbeat: alive tick=4
2026-05-31T14:26:25.510758Z DEBUG teatui::perf: long await on events.next elapsed_ms=239 event="tick"
2026-05-31T14:26:25.510836Z TRACE teatui::loop: phase="pre_draw"
2026-05-31T14:26:25.514551Z TRACE teatui::loop: phase="pre_await"
2026-05-31T14:26:25.767853Z DEBUG teatui::perf: long await on events.next elapsed_ms=253 event="tick"
2026-05-31T14:26:25.768123Z TRACE teatui::loop: phase="pre_draw"
2026-05-31T14:26:25.771602Z TRACE teatui::loop: phase="pre_await"
2026-05-31T14:26:26.026032Z DEBUG teatui::perf: long await on events.next elapsed_ms=254 event="tick"
2026-05-31T14:26:26.026292Z TRACE teatui::loop: phase="pre_draw"
2026-05-31T14:26:26.031280Z TRACE teatui::loop: phase="pre_await"
2026-05-31T14:26:26.268822Z DEBUG teatui::perf: long await on events.next elapsed_ms=237 event="tick"
2026-05-31T14:26:26.269090Z TRACE teatui::loop: phase="pre_draw"
2026-05-31T14:26:26.271988Z TRACE teatui::loop: phase="pre_await"
2026-05-31T14:26:26.526722Z  INFO teatui::heartbeat: alive tick=5
2026-05-31T14:26:26.529784Z DEBUG teatui::perf: long await on events.next elapsed_ms=257 event="tick"
2026-05-31T14:26:26.529949Z TRACE teatui::loop: phase="pre_draw"
2026-05-31T14:26:26.536350Z DEBUG teatui::perf: slow tui.draw elapsed_ms=6 screen=Landing
2026-05-31T14:26:26.536570Z TRACE teatui::loop: phase="pre_await"
2026-05-31T14:26:26.767327Z DEBUG teatui::perf: long await on events.next elapsed_ms=230 event="tick"
2026-05-31T14:26:26.767602Z TRACE teatui::loop: phase="pre_draw"
2026-05-31T14:26:26.770824Z TRACE teatui::loop: phase="pre_await"
2026-05-31T14:26:27.023057Z DEBUG teatui::perf: long await on events.next elapsed_ms=252 event="tick"
2026-05-31T14:26:27.023334Z TRACE teatui::loop: phase="pre_draw"
2026-05-31T14:26:27.026225Z TRACE teatui::loop: phase="pre_await"
2026-05-31T14:26:27.263097Z DEBUG teatui::perf: long await on events.next elapsed_ms=236 event="tick"
2026-05-31T14:26:27.263342Z TRACE teatui::loop: phase="pre_draw"
2026-05-31T14:26:27.266254Z TRACE teatui::loop: phase="pre_await"
2026-05-31T14:26:27.522429Z  INFO teatui::heartbeat: alive tick=6
2026-05-31T14:26:27.522876Z DEBUG teatui::perf: long await on events.next elapsed_ms=256 event="tick"
2026-05-31T14:26:27.522997Z TRACE teatui::loop: phase="pre_draw"
2026-05-31T14:26:27.526231Z TRACE teatui::loop: phase="pre_await"
2026-05-31T14:26:27.761024Z DEBUG teatui::perf: long await on events.next elapsed_ms=234 event="tick"
2026-05-31T14:26:27.761309Z TRACE teatui::loop: phase="pre_draw"
2026-05-31T14:26:27.764444Z TRACE teatui::loop: phase="pre_await"
2026-05-31T14:26:28.019949Z DEBUG teatui::perf: long await on events.next elapsed_ms=255 event="tick"
2026-05-31T14:26:28.020231Z TRACE teatui::loop: phase="pre_draw"
2026-05-31T14:26:28.023121Z TRACE teatui::loop: phase="pre_await"
2026-05-31T14:26:28.261418Z DEBUG teatui::perf: long await on events.next elapsed_ms=238 event="tick"
2026-05-31T14:26:28.261671Z TRACE teatui::loop: phase="pre_draw"
2026-05-31T14:26:28.267966Z DEBUG teatui::perf: slow tui.draw elapsed_ms=6 screen=Landing
2026-05-31T14:26:28.268080Z TRACE teatui::loop: phase="pre_await"
2026-05-31T14:26:28.520017Z DEBUG teatui::perf: long await on events.next elapsed_ms=251 event="tick"
2026-05-31T14:26:28.519992Z  INFO teatui::heartbeat: alive tick=7
2026-05-31T14:26:28.520274Z TRACE teatui::loop: phase="pre_draw"
2026-05-31T14:26:28.523234Z TRACE teatui::loop: phase="pre_await"
2026-05-31T14:26:28.761346Z DEBUG teatui::perf: long await on events.next elapsed_ms=238 event="tick"
2026-05-31T14:26:28.761601Z TRACE teatui::loop: phase="pre_draw"
2026-05-31T14:26:28.765071Z TRACE teatui::loop: phase="pre_await"
2026-05-31T14:26:29.020910Z DEBUG teatui::perf: long await on events.next elapsed_ms=255 event="tick"
2026-05-31T14:26:29.021194Z TRACE teatui::loop: phase="pre_draw"
2026-05-31T14:26:29.024155Z TRACE teatui::loop: phase="pre_await"
2026-05-31T14:26:29.262662Z DEBUG teatui::perf: long await on events.next elapsed_ms=238 event="tick"
2026-05-31T14:26:29.262935Z TRACE teatui::loop: phase="pre_draw"
2026-05-31T14:26:29.265915Z TRACE teatui::loop: phase="pre_await"
2026-05-31T14:26:29.519640Z  INFO teatui::heartbeat: alive tick=8
2026-05-31T14:26:29.519707Z DEBUG teatui::perf: long await on events.next elapsed_ms=253 event="tick"
2026-05-31T14:26:29.520012Z TRACE teatui::loop: phase="pre_draw"
2026-05-31T14:26:29.524473Z TRACE teatui::loop: phase="pre_await"
2026-05-31T14:26:29.760546Z DEBUG teatui::perf: long await on events.next elapsed_ms=235 event="tick"
2026-05-31T14:26:29.763474Z TRACE teatui::loop: phase="pre_draw"
2026-05-31T14:26:29.767047Z TRACE teatui::loop: phase="pre_await"
2026-05-31T14:26:30.019703Z DEBUG teatui::perf: long await on events.next elapsed_ms=252 event="tick"
2026-05-31T14:26:30.019994Z TRACE teatui::loop: phase="pre_draw"
2026-05-31T14:26:30.022902Z TRACE teatui::loop: phase="pre_await"
2026-05-31T14:26:30.265852Z DEBUG teatui::perf: long await on events.next elapsed_ms=242 event="tick"
2026-05-31T14:26:30.266287Z TRACE teatui::loop: phase="pre_draw"
2026-05-31T14:26:30.270629Z TRACE teatui::loop: phase="pre_await"
2026-05-31T14:26:30.517925Z  INFO teatui::heartbeat: alive tick=9
2026-05-31T14:26:30.517938Z DEBUG teatui::perf: long await on events.next elapsed_ms=247 event="tick"
2026-05-31T14:26:30.518217Z TRACE teatui::loop: phase="pre_draw"
2026-05-31T14:26:30.521204Z TRACE teatui::loop: phase="pre_await"
2026-05-31T14:26:30.773764Z DEBUG teatui::perf: long await on events.next elapsed_ms=252 event="tick"
2026-05-31T14:26:30.774060Z TRACE teatui::loop: phase="pre_draw"
2026-05-31T14:26:30.778969Z TRACE teatui::loop: phase="pre_await"
2026-05-31T14:26:31.012047Z DEBUG teatui::perf: long await on events.next elapsed_ms=232 event="tick"
2026-05-31T14:26:31.012304Z TRACE teatui::loop: phase="pre_draw"
2026-05-31T14:26:31.015354Z TRACE teatui::loop: phase="pre_await"
2026-05-31T14:26:31.271817Z DEBUG teatui::perf: long await on events.next elapsed_ms=256 event="tick"
2026-05-31T14:26:31.272086Z TRACE teatui::loop: phase="pre_draw"
2026-05-31T14:26:31.275000Z TRACE teatui::loop: phase="pre_await"
2026-05-31T14:26:31.515432Z  INFO teatui::heartbeat: alive tick=10
2026-05-31T14:26:31.515764Z DEBUG teatui::perf: long await on events.next elapsed_ms=240 event="tick"
2026-05-31T14:26:31.515858Z TRACE teatui::loop: phase="pre_draw"
2026-05-31T14:26:31.517888Z TRACE teatui::loop: phase="pre_await"
2026-05-31T14:26:31.771798Z DEBUG teatui::perf: long await on events.next elapsed_ms=253 event="tick"
2026-05-31T14:26:31.772087Z TRACE teatui::loop: phase="pre_draw"
2026-05-31T14:26:31.775071Z TRACE teatui::loop: phase="pre_await"
2026-05-31T14:26:32.012155Z DEBUG teatui::perf: long await on events.next elapsed_ms=236 event="tick"
2026-05-31T14:26:32.012430Z TRACE teatui::loop: phase="pre_draw"
2026-05-31T14:26:32.016726Z TRACE teatui::loop: phase="pre_await"
2026-05-31T14:26:32.267357Z DEBUG teatui::perf: long await on events.next elapsed_ms=250 event="tick"
2026-05-31T14:26:32.267592Z TRACE teatui::loop: phase="pre_draw"
2026-05-31T14:26:32.270473Z TRACE teatui::loop: phase="pre_await"
2026-05-31T14:26:32.523848Z DEBUG teatui::perf: long await on events.next elapsed_ms=253 event="tick"
2026-05-31T14:26:32.524050Z TRACE teatui::loop: phase="pre_draw"
2026-05-31T14:26:32.523664Z  INFO teatui::heartbeat: alive tick=11
2026-05-31T14:26:32.526946Z TRACE teatui::loop: phase="pre_await"
2026-05-31T14:26:32.765103Z DEBUG teatui::perf: long await on events.next elapsed_ms=238 event="tick"
2026-05-31T14:26:32.765353Z TRACE teatui::loop: phase="pre_draw"
2026-05-31T14:26:32.769592Z TRACE teatui::loop: phase="pre_await"
2026-05-31T14:26:33.023494Z DEBUG teatui::perf: long await on events.next elapsed_ms=253 event="tick"
2026-05-31T14:26:33.023674Z TRACE teatui::loop: phase="pre_draw"
2026-05-31T14:26:33.026832Z TRACE teatui::loop: phase="pre_await"
2026-05-31T14:26:33.263957Z DEBUG teatui::perf: long await on events.next elapsed_ms=236 event="tick"
2026-05-31T14:26:33.264548Z TRACE teatui::loop: phase="pre_draw"
2026-05-31T14:26:33.268063Z TRACE teatui::loop: phase="pre_await"
2026-05-31T14:26:33.523636Z  INFO teatui::heartbeat: alive tick=12
2026-05-31T14:26:33.524312Z DEBUG teatui::perf: long await on events.next elapsed_ms=256 event="tick"
2026-05-31T14:26:33.524469Z TRACE teatui::loop: phase="pre_draw"
2026-05-31T14:26:33.528076Z TRACE teatui::loop: phase="pre_await"
2026-05-31T14:26:33.774671Z DEBUG teatui::perf: long await on events.next elapsed_ms=246 event="tick"
2026-05-31T14:26:33.774836Z TRACE teatui::loop: phase="pre_draw"
2026-05-31T14:26:33.777784Z TRACE teatui::loop: phase="pre_await"
2026-05-31T14:26:34.011397Z DEBUG teatui::perf: long await on events.next elapsed_ms=233 event="tick"
2026-05-31T14:26:34.011643Z TRACE teatui::loop: phase="pre_draw"
2026-05-31T14:26:34.014791Z TRACE teatui::loop: phase="pre_await"
2026-05-31T14:26:34.264611Z DEBUG teatui::perf: long await on events.next elapsed_ms=249 event="tick"
2026-05-31T14:26:34.264821Z TRACE teatui::loop: phase="pre_draw"
2026-05-31T14:26:34.268210Z TRACE teatui::loop: phase="pre_await"
2026-05-31T14:26:34.519230Z DEBUG teatui::perf: long await on events.next elapsed_ms=250 event="tick"
2026-05-31T14:26:34.519217Z  INFO teatui::heartbeat: alive tick=13
2026-05-31T14:26:34.519627Z TRACE teatui::loop: phase="pre_draw"
2026-05-31T14:26:34.522550Z TRACE teatui::loop: phase="pre_await"
2026-05-31T14:26:34.777463Z DEBUG teatui::perf: long await on events.next elapsed_ms=254 event="tick"
2026-05-31T14:26:34.778112Z TRACE teatui::loop: phase="pre_draw"
2026-05-31T14:26:34.785065Z DEBUG teatui::perf: slow tui.draw elapsed_ms=6 screen=Landing
2026-05-31T14:26:34.785307Z TRACE teatui::loop: phase="pre_await"
2026-05-31T14:26:35.018226Z DEBUG teatui::perf: long await on events.next elapsed_ms=232 event="tick"
2026-05-31T14:26:35.019085Z TRACE teatui::loop: phase="pre_draw"
2026-05-31T14:26:35.023199Z TRACE teatui::loop: phase="pre_await"
2026-05-31T14:26:35.273764Z DEBUG teatui::perf: long await on events.next elapsed_ms=250 event="tick"
2026-05-31T14:26:35.274228Z TRACE teatui::loop: phase="pre_draw"
2026-05-31T14:26:35.278478Z TRACE teatui::loop: phase="pre_await"
2026-05-31T14:26:35.512803Z  INFO teatui::heartbeat: alive tick=14
2026-05-31T14:26:35.513314Z DEBUG teatui::perf: long await on events.next elapsed_ms=234 event="tick"
2026-05-31T14:26:35.513598Z TRACE teatui::loop: phase="pre_draw"
2026-05-31T14:26:35.517368Z TRACE teatui::loop: phase="pre_await"
2026-05-31T14:26:35.770578Z DEBUG teatui::perf: long await on events.next elapsed_ms=253 event="tick"
2026-05-31T14:26:35.770874Z TRACE teatui::loop: phase="pre_draw"
2026-05-31T14:26:35.774551Z TRACE teatui::loop: phase="pre_await"
2026-05-31T14:26:35.808380Z TRACE teatui::loop: phase="pre_draw"
2026-05-31T14:26:35.811282Z TRACE teatui::loop: phase="pre_await"
2026-05-31T14:26:36.011106Z DEBUG teatui::perf: long await on events.next elapsed_ms=199 event="tick"
2026-05-31T14:26:36.011392Z TRACE teatui::loop: phase="pre_draw"
2026-05-31T14:26:36.014558Z TRACE teatui::loop: phase="pre_await"
2026-05-31T14:26:36.158679Z DEBUG teatui::perf: long await on events.next elapsed_ms=144 event="key"
2026-05-31T14:26:36.158902Z  INFO teatui::lifecycle: main loop exiting: should_quit
2026-05-31T14:26:36.158931Z  INFO teatui::lifecycle: main loop returned cleanly
2026-05-31T14:26:36.159043Z  INFO teatui::lifecycle: app.run returned run_ok=true
2026-05-31T14:26:36.160226Z  INFO teatui::lifecycle: tui.exit succeeded
