2026-05-31T19:50:38.015567Z  INFO teatui: Starting application
2026-05-31T19:50:38.016169Z  INFO teatui::heartbeat: alive tick=1
2026-05-31T19:50:38.017818Z  INFO teatui::lifecycle: main loop entered
2026-05-31T19:50:38.017870Z TRACE teatui::loop: phase="pre_draw"
2026-05-31T19:50:38.020202Z DEBUG reqwest::connect: starting new connection: http://10.2.118.173:11434/
2026-05-31T19:50:38.020362Z DEBUG hyper_util::client::legacy::connect::http: connecting to 10.2.118.173:11434
2026-05-31T19:50:38.029045Z DEBUG teatui::perf: slow tui.draw elapsed_ms=11 screen=Landing
2026-05-31T19:50:38.029125Z TRACE teatui::loop: phase="pre_await"
2026-05-31T19:50:38.029495Z TRACE teatui::loop: phase="pre_draw"
2026-05-31T19:50:38.031689Z TRACE teatui::loop: phase="pre_await"
2026-05-31T19:50:38.031973Z TRACE teatui::loop: phase="pre_draw"
2026-05-31T19:50:38.034320Z TRACE teatui::loop: phase="pre_await"
2026-05-31T19:50:38.034556Z TRACE teatui::loop: phase="pre_draw"
2026-05-31T19:50:38.036881Z TRACE teatui::loop: phase="pre_await"
2026-05-31T19:50:38.037082Z TRACE teatui::loop: phase="pre_draw"
2026-05-31T19:50:38.039562Z TRACE teatui::loop: phase="pre_await"
2026-05-31T19:50:38.039756Z TRACE teatui::loop: phase="pre_draw"
2026-05-31T19:50:38.042024Z TRACE teatui::loop: phase="pre_await"
2026-05-31T19:50:38.043099Z TRACE teatui::loop: phase="pre_draw"
2026-05-31T19:50:38.045589Z TRACE teatui::loop: phase="pre_await"
2026-05-31T19:50:38.045904Z TRACE teatui::loop: phase="pre_draw"
2026-05-31T19:50:38.047887Z TRACE teatui::loop: phase="pre_await"
2026-05-31T19:50:38.048207Z TRACE teatui::loop: phase="pre_draw"
2026-05-31T19:50:38.050488Z TRACE teatui::loop: phase="pre_await"
2026-05-31T19:50:38.050773Z TRACE teatui::loop: phase="pre_draw"
2026-05-31T19:50:38.053087Z TRACE teatui::loop: phase="pre_await"
2026-05-31T19:50:38.053411Z TRACE teatui::loop: phase="pre_draw"
2026-05-31T19:50:38.056054Z TRACE teatui::loop: phase="pre_await"
2026-05-31T19:50:38.056363Z TRACE teatui::loop: phase="pre_draw"
2026-05-31T19:50:38.058618Z TRACE teatui::loop: phase="pre_await"
2026-05-31T19:50:38.058879Z TRACE teatui::loop: phase="pre_draw"
2026-05-31T19:50:38.061253Z TRACE teatui::loop: phase="pre_await"
2026-05-31T19:50:38.061556Z TRACE teatui::loop: phase="pre_draw"
2026-05-31T19:50:38.063157Z TRACE teatui::loop: phase="pre_await"
2026-05-31T19:50:38.063436Z TRACE teatui::loop: phase="pre_draw"
2026-05-31T19:50:38.065127Z TRACE teatui::loop: phase="pre_await"
2026-05-31T19:50:38.065379Z TRACE teatui::loop: phase="pre_draw"
2026-05-31T19:50:38.067546Z TRACE teatui::loop: phase="pre_await"
2026-05-31T19:50:38.067793Z TRACE teatui::loop: phase="pre_draw"
2026-05-31T19:50:38.069386Z TRACE teatui::loop: phase="pre_await"
2026-05-31T19:50:38.069619Z TRACE teatui::loop: phase="pre_draw"
2026-05-31T19:50:38.071130Z TRACE teatui::loop: phase="pre_await"
2026-05-31T19:50:38.071425Z TRACE teatui::loop: phase="pre_draw"
2026-05-31T19:50:38.072957Z TRACE teatui::loop: phase="pre_await"
2026-05-31T19:50:38.073205Z TRACE teatui::loop: phase="pre_draw"
2026-05-31T19:50:38.074777Z TRACE teatui::loop: phase="pre_await"
2026-05-31T19:50:38.075027Z TRACE teatui::loop: phase="pre_draw"
2026-05-31T19:50:38.077338Z TRACE teatui::loop: phase="pre_await"
2026-05-31T19:50:38.077551Z TRACE teatui::loop: phase="pre_draw"
2026-05-31T19:50:38.079118Z TRACE teatui::loop: phase="pre_await"
2026-05-31T19:50:38.079380Z TRACE teatui::loop: phase="pre_draw"
2026-05-31T19:50:38.081602Z TRACE teatui::loop: phase="pre_await"
2026-05-31T19:50:38.081776Z TRACE teatui::loop: phase="pre_draw"
2026-05-31T19:50:38.084480Z TRACE teatui::loop: phase="pre_await"
2026-05-31T19:50:38.084717Z TRACE teatui::loop: phase="pre_draw"
2026-05-31T19:50:38.086564Z TRACE teatui::loop: phase="pre_await"
2026-05-31T19:50:38.086874Z TRACE teatui::loop: phase="pre_draw"
2026-05-31T19:50:38.088457Z TRACE teatui::loop: phase="pre_await"
2026-05-31T19:50:38.088674Z TRACE teatui::loop: phase="pre_draw"
2026-05-31T19:50:38.090191Z TRACE teatui::loop: phase="pre_await"
2026-05-31T19:50:38.090475Z TRACE teatui::loop: phase="pre_draw"
2026-05-31T19:50:38.092390Z TRACE teatui::loop: phase="pre_await"
2026-05-31T19:50:38.092654Z TRACE teatui::loop: phase="pre_draw"
2026-05-31T19:50:38.094423Z TRACE teatui::loop: phase="pre_await"
2026-05-31T19:50:38.094645Z TRACE teatui::loop: phase="pre_draw"
2026-05-31T19:50:38.096848Z TRACE teatui::loop: phase="pre_await"
2026-05-31T19:50:38.097112Z TRACE teatui::loop: phase="pre_draw"
2026-05-31T19:50:38.099329Z TRACE teatui::loop: phase="pre_await"
2026-05-31T19:50:38.099607Z TRACE teatui::loop: phase="pre_draw"
2026-05-31T19:50:38.101865Z TRACE teatui::loop: phase="pre_await"
2026-05-31T19:50:38.102031Z TRACE teatui::loop: phase="pre_draw"
2026-05-31T19:50:38.104254Z TRACE teatui::loop: phase="pre_await"
2026-05-31T19:50:38.104681Z TRACE teatui::loop: phase="pre_draw"
2026-05-31T19:50:38.107066Z TRACE teatui::loop: phase="pre_await"
2026-05-31T19:50:38.107337Z TRACE teatui::loop: phase="pre_draw"
2026-05-31T19:50:38.109588Z TRACE teatui::loop: phase="pre_await"
2026-05-31T19:50:38.110356Z TRACE teatui::loop: phase="pre_draw"
2026-05-31T19:50:38.112771Z TRACE teatui::loop: phase="pre_await"
2026-05-31T19:50:38.168212Z DEBUG teatui::perf: long await on events.next elapsed_ms=55 event="key"
2026-05-31T19:50:38.168345Z TRACE teatui::loop: phase="pre_draw"
2026-05-31T19:50:38.170491Z TRACE teatui::loop: phase="pre_await"
2026-05-31T19:50:38.177701Z TRACE teatui::loop: phase="pre_draw"
2026-05-31T19:50:38.179593Z TRACE teatui::loop: phase="pre_await"
2026-05-31T19:50:38.272555Z DEBUG teatui::perf: long await on events.next elapsed_ms=92 event="tick"
2026-05-31T19:50:38.272742Z TRACE teatui::loop: phase="pre_draw"
2026-05-31T19:50:38.274643Z TRACE teatui::loop: phase="pre_await"
2026-05-31T19:50:38.275410Z TRACE teatui::loop: phase="pre_draw"
2026-05-31T19:50:38.277444Z TRACE teatui::loop: phase="pre_await"
2026-05-31T19:50:38.295186Z TRACE teatui::loop: phase="pre_draw"
2026-05-31T19:50:38.296884Z TRACE teatui::loop: phase="pre_await"
2026-05-31T19:50:38.431361Z DEBUG teatui::perf: long await on events.next elapsed_ms=134 event="tick"
2026-05-31T19:50:38.431465Z TRACE teatui::loop: phase="pre_draw"
2026-05-31T19:50:38.433137Z TRACE teatui::loop: phase="pre_await"
2026-05-31T19:50:38.524020Z DEBUG teatui::perf: long await on events.next elapsed_ms=90 event="tick"
2026-05-31T19:50:38.524185Z TRACE teatui::loop: phase="pre_draw"
2026-05-31T19:50:38.528730Z TRACE teatui::loop: phase="pre_await"
2026-05-31T19:50:38.542536Z TRACE teatui::loop: phase="pre_draw"
2026-05-31T19:50:38.544868Z TRACE teatui::loop: phase="pre_await"
2026-05-31T19:50:38.772795Z DEBUG teatui::perf: long await on events.next elapsed_ms=227 event="tick"
2026-05-31T19:50:38.772959Z TRACE teatui::loop: phase="pre_draw"
2026-05-31T19:50:38.775213Z TRACE teatui::loop: phase="pre_await"
2026-05-31T19:50:39.024519Z  INFO teatui::heartbeat: alive tick=2
2026-05-31T19:50:39.024531Z DEBUG teatui::perf: long await on events.next elapsed_ms=249 event="tick"
2026-05-31T19:50:39.024693Z TRACE teatui::loop: phase="pre_draw"
2026-05-31T19:50:39.026046Z TRACE teatui::loop: phase="pre_await"
2026-05-31T19:50:39.275906Z DEBUG teatui::perf: long await on events.next elapsed_ms=249 event="tick"
2026-05-31T19:50:39.276080Z TRACE teatui::loop: phase="pre_draw"
2026-05-31T19:50:39.278142Z TRACE teatui::loop: phase="pre_await"
2026-05-31T19:50:39.527278Z DEBUG teatui::perf: long await on events.next elapsed_ms=249 event="tick"
2026-05-31T19:50:39.527494Z TRACE teatui::loop: phase="pre_draw"
2026-05-31T19:50:39.529596Z TRACE teatui::loop: phase="pre_await"
2026-05-31T19:50:39.777615Z DEBUG teatui::perf: long await on events.next elapsed_ms=247 event="tick"
2026-05-31T19:50:39.777736Z TRACE teatui::loop: phase="pre_draw"
2026-05-31T19:50:39.779594Z TRACE teatui::loop: phase="pre_await"
2026-05-31T19:50:40.028982Z  INFO teatui::heartbeat: alive tick=3
2026-05-31T19:50:40.028963Z DEBUG teatui::perf: long await on events.next elapsed_ms=249 event="tick"
2026-05-31T19:50:40.029083Z TRACE teatui::loop: phase="pre_draw"
2026-05-31T19:50:40.030880Z TRACE teatui::loop: phase="pre_await"
2026-05-31T19:50:40.278118Z DEBUG teatui::perf: long await on events.next elapsed_ms=247 event="tick"
2026-05-31T19:50:40.278336Z TRACE teatui::loop: phase="pre_draw"
2026-05-31T19:50:40.280592Z TRACE teatui::loop: phase="pre_await"
2026-05-31T19:50:40.526783Z DEBUG teatui::perf: long await on events.next elapsed_ms=246 event="tick"
2026-05-31T19:50:40.526954Z TRACE teatui::loop: phase="pre_draw"
2026-05-31T19:50:40.530138Z TRACE teatui::loop: phase="pre_await"
2026-05-31T19:50:40.776947Z DEBUG teatui::perf: long await on events.next elapsed_ms=246 event="tick"
2026-05-31T19:50:40.777097Z TRACE teatui::loop: phase="pre_draw"
2026-05-31T19:50:40.778506Z TRACE teatui::loop: phase="pre_await"
2026-05-31T19:50:40.993044Z DEBUG teatui::perf: long await on events.next elapsed_ms=214 event="bg:revsets"
2026-05-31T19:50:40.993271Z TRACE teatui::loop: phase="pre_draw"
2026-05-31T19:50:40.995515Z TRACE teatui::loop: phase="pre_await"
2026-05-31T19:50:41.028038Z  INFO teatui::heartbeat: alive tick=4
2026-05-31T19:50:41.028154Z TRACE teatui::loop: phase="pre_draw"
2026-05-31T19:50:41.030738Z TRACE teatui::loop: phase="pre_await"
2026-05-31T19:50:41.279819Z DEBUG teatui::perf: long await on events.next elapsed_ms=249 event="tick"
2026-05-31T19:50:41.280017Z TRACE teatui::loop: phase="pre_draw"
2026-05-31T19:50:41.284017Z TRACE teatui::loop: phase="pre_await"
2026-05-31T19:50:41.529948Z DEBUG teatui::perf: long await on events.next elapsed_ms=245 event="tick"
2026-05-31T19:50:41.530231Z TRACE teatui::loop: phase="pre_draw"
2026-05-31T19:50:41.533250Z TRACE teatui::loop: phase="pre_await"
2026-05-31T19:50:41.779797Z DEBUG teatui::perf: long await on events.next elapsed_ms=246 event="tick"
2026-05-31T19:50:41.780077Z TRACE teatui::loop: phase="pre_draw"
2026-05-31T19:50:41.782957Z TRACE teatui::loop: phase="pre_await"
2026-05-31T19:50:42.028110Z  INFO teatui::heartbeat: alive tick=5
2026-05-31T19:50:42.028536Z DEBUG teatui::perf: long await on events.next elapsed_ms=245 event="tick"
2026-05-31T19:50:42.028690Z TRACE teatui::loop: phase="pre_draw"
2026-05-31T19:50:42.031842Z TRACE teatui::loop: phase="pre_await"
2026-05-31T19:50:42.278627Z DEBUG teatui::perf: long await on events.next elapsed_ms=246 event="tick"
2026-05-31T19:50:42.279081Z TRACE teatui::loop: phase="pre_draw"
2026-05-31T19:50:42.282432Z TRACE teatui::loop: phase="pre_await"
2026-05-31T19:50:42.528681Z DEBUG teatui::perf: long await on events.next elapsed_ms=246 event="tick"
2026-05-31T19:50:42.528992Z TRACE teatui::loop: phase="pre_draw"
2026-05-31T19:50:42.532422Z TRACE teatui::loop: phase="pre_await"
2026-05-31T19:50:42.779819Z DEBUG teatui::perf: long await on events.next elapsed_ms=247 event="tick"
2026-05-31T19:50:42.780020Z TRACE teatui::loop: phase="pre_draw"
2026-05-31T19:50:42.784881Z TRACE teatui::loop: phase="pre_await"
2026-05-31T19:50:43.031290Z  INFO teatui::heartbeat: alive tick=6
2026-05-31T19:50:43.031329Z DEBUG teatui::perf: long await on events.next elapsed_ms=246 event="tick"
2026-05-31T19:50:43.031645Z TRACE teatui::loop: phase="pre_draw"
2026-05-31T19:50:43.034604Z TRACE teatui::loop: phase="pre_await"
2026-05-31T19:50:43.281487Z DEBUG teatui::perf: long await on events.next elapsed_ms=246 event="tick"
2026-05-31T19:50:43.281693Z TRACE teatui::loop: phase="pre_draw"
2026-05-31T19:50:43.284462Z TRACE teatui::loop: phase="pre_await"
2026-05-31T19:50:43.519440Z DEBUG teatui::perf: long await on events.next elapsed_ms=234 event="tick"
2026-05-31T19:50:43.519732Z TRACE teatui::loop: phase="pre_draw"
2026-05-31T19:50:43.522672Z TRACE teatui::loop: phase="pre_await"
2026-05-31T19:50:43.770927Z DEBUG teatui::perf: long await on events.next elapsed_ms=248 event="tick"
2026-05-31T19:50:43.771240Z TRACE teatui::loop: phase="pre_draw"
2026-05-31T19:50:43.774698Z TRACE teatui::loop: phase="pre_await"
2026-05-31T19:50:44.020733Z  INFO teatui::heartbeat: alive tick=7
2026-05-31T19:50:44.021237Z DEBUG teatui::perf: long await on events.next elapsed_ms=246 event="tick"
2026-05-31T19:50:44.021339Z TRACE teatui::loop: phase="pre_draw"
2026-05-31T19:50:44.024867Z TRACE teatui::loop: phase="pre_await"
2026-05-31T19:50:44.272479Z DEBUG teatui::perf: long await on events.next elapsed_ms=247 event="tick"
2026-05-31T19:50:44.272757Z TRACE teatui::loop: phase="pre_draw"
2026-05-31T19:50:44.276909Z TRACE teatui::loop: phase="pre_await"
2026-05-31T19:50:44.521630Z DEBUG teatui::perf: long await on events.next elapsed_ms=244 event="tick"
2026-05-31T19:50:44.521918Z TRACE teatui::loop: phase="pre_draw"
2026-05-31T19:50:44.524622Z TRACE teatui::loop: phase="pre_await"
2026-05-31T19:50:44.772583Z DEBUG teatui::perf: long await on events.next elapsed_ms=247 event="tick"
2026-05-31T19:50:44.772848Z TRACE teatui::loop: phase="pre_draw"
2026-05-31T19:50:44.778897Z DEBUG teatui::perf: slow tui.draw elapsed_ms=6 screen=Landing
2026-05-31T19:50:44.779037Z TRACE teatui::loop: phase="pre_await"
2026-05-31T19:50:45.023702Z  INFO teatui::heartbeat: alive tick=8
2026-05-31T19:50:45.023812Z DEBUG teatui::perf: long await on events.next elapsed_ms=244 event="tick"
2026-05-31T19:50:45.024071Z TRACE teatui::loop: phase="pre_draw"
2026-05-31T19:50:45.027250Z TRACE teatui::loop: phase="pre_await"
2026-05-31T19:50:45.272193Z DEBUG teatui::perf: long await on events.next elapsed_ms=244 event="tick"
2026-05-31T19:50:45.272451Z TRACE teatui::loop: phase="pre_draw"
2026-05-31T19:50:45.275397Z TRACE teatui::loop: phase="pre_await"
2026-05-31T19:50:45.522451Z DEBUG teatui::perf: long await on events.next elapsed_ms=246 event="tick"
2026-05-31T19:50:45.522742Z TRACE teatui::loop: phase="pre_draw"
2026-05-31T19:50:45.529723Z DEBUG teatui::perf: slow tui.draw elapsed_ms=6 screen=Landing
2026-05-31T19:50:45.529837Z TRACE teatui::loop: phase="pre_await"
2026-05-31T19:50:45.773629Z DEBUG teatui::perf: long await on events.next elapsed_ms=243 event="tick"
2026-05-31T19:50:45.773885Z TRACE teatui::loop: phase="pre_draw"
2026-05-31T19:50:45.777996Z TRACE teatui::loop: phase="pre_await"
2026-05-31T19:50:46.024711Z  INFO teatui::heartbeat: alive tick=9
2026-05-31T19:50:46.025139Z DEBUG teatui::perf: long await on events.next elapsed_ms=246 event="tick"
2026-05-31T19:50:46.025304Z TRACE teatui::loop: phase="pre_draw"
2026-05-31T19:50:46.028697Z TRACE teatui::loop: phase="pre_await"
2026-05-31T19:50:46.276124Z DEBUG teatui::perf: long await on events.next elapsed_ms=247 event="tick"
2026-05-31T19:50:46.276989Z TRACE teatui::loop: phase="pre_draw"
2026-05-31T19:50:46.280566Z TRACE teatui::loop: phase="pre_await"
2026-05-31T19:50:46.530162Z DEBUG teatui::perf: long await on events.next elapsed_ms=249 event="tick"
2026-05-31T19:50:46.530411Z TRACE teatui::loop: phase="pre_draw"
2026-05-31T19:50:46.534271Z TRACE teatui::loop: phase="pre_await"
2026-05-31T19:50:46.782752Z DEBUG teatui::perf: long await on events.next elapsed_ms=248 event="tick"
2026-05-31T19:50:46.783047Z TRACE teatui::loop: phase="pre_draw"
2026-05-31T19:50:46.786086Z TRACE teatui::loop: phase="pre_await"
2026-05-31T19:50:47.019242Z DEBUG teatui::perf: long await on events.next elapsed_ms=233 event="tick"
2026-05-31T19:50:47.019554Z TRACE teatui::loop: phase="pre_draw"
2026-05-31T19:50:47.019242Z  INFO teatui::heartbeat: alive tick=10
2026-05-31T19:50:47.022570Z TRACE teatui::loop: phase="pre_await"
2026-05-31T19:50:47.271785Z DEBUG teatui::perf: long await on events.next elapsed_ms=249 event="tick"
2026-05-31T19:50:47.272078Z TRACE teatui::loop: phase="pre_draw"
2026-05-31T19:50:47.276410Z TRACE teatui::loop: phase="pre_await"
2026-05-31T19:50:47.522390Z DEBUG teatui::perf: long await on events.next elapsed_ms=245 event="tick"
2026-05-31T19:50:47.522722Z TRACE teatui::loop: phase="pre_draw"
2026-05-31T19:50:47.526710Z TRACE teatui::loop: phase="pre_await"
2026-05-31T19:50:47.774913Z DEBUG teatui::perf: long await on events.next elapsed_ms=248 event="tick"
2026-05-31T19:50:47.775185Z TRACE teatui::loop: phase="pre_draw"
2026-05-31T19:50:47.781643Z DEBUG teatui::perf: slow tui.draw elapsed_ms=6 screen=Landing
2026-05-31T19:50:47.781838Z TRACE teatui::loop: phase="pre_await"
2026-05-31T19:50:48.025597Z DEBUG teatui::perf: long await on events.next elapsed_ms=243 event="tick"
2026-05-31T19:50:48.025403Z  INFO teatui::heartbeat: alive tick=11
2026-05-31T19:50:48.026170Z TRACE teatui::loop: phase="pre_draw"
2026-05-31T19:50:48.029199Z TRACE teatui::loop: phase="pre_await"
2026-05-31T19:50:48.276351Z DEBUG teatui::perf: long await on events.next elapsed_ms=246 event="tick"
2026-05-31T19:50:48.276662Z TRACE teatui::loop: phase="pre_draw"
2026-05-31T19:50:48.279895Z TRACE teatui::loop: phase="pre_await"
2026-05-31T19:50:48.525395Z DEBUG teatui::perf: long await on events.next elapsed_ms=245 event="tick"
2026-05-31T19:50:48.525706Z TRACE teatui::loop: phase="pre_draw"
2026-05-31T19:50:48.530800Z DEBUG teatui::perf: slow tui.draw elapsed_ms=5 screen=Landing
2026-05-31T19:50:48.530887Z TRACE teatui::loop: phase="pre_await"
2026-05-31T19:50:48.774273Z DEBUG teatui::perf: long await on events.next elapsed_ms=243 event="tick"
2026-05-31T19:50:48.774503Z TRACE teatui::loop: phase="pre_draw"
2026-05-31T19:50:48.777165Z TRACE teatui::loop: phase="pre_await"
2026-05-31T19:50:49.024974Z  INFO teatui::heartbeat: alive tick=12
2026-05-31T19:50:49.025016Z DEBUG teatui::perf: long await on events.next elapsed_ms=247 event="tick"
2026-05-31T19:50:49.025410Z TRACE teatui::loop: phase="pre_draw"
2026-05-31T19:50:49.028594Z TRACE teatui::loop: phase="pre_await"
2026-05-31T19:50:49.233847Z DEBUG teatui::perf: long await on events.next elapsed_ms=205 event="bg:repo_options"
2026-05-31T19:50:49.234115Z TRACE teatui::loop: phase="pre_draw"
2026-05-31T19:50:49.236856Z TRACE teatui::loop: phase="pre_await"
2026-05-31T19:50:49.275692Z TRACE teatui::loop: phase="pre_draw"
2026-05-31T19:50:49.280236Z TRACE teatui::loop: phase="pre_await"
2026-05-31T19:50:49.525286Z DEBUG teatui::perf: long await on events.next elapsed_ms=244 event="tick"
2026-05-31T19:50:49.525532Z TRACE teatui::loop: phase="pre_draw"
2026-05-31T19:50:49.528777Z TRACE teatui::loop: phase="pre_await"
2026-05-31T19:50:49.775663Z DEBUG teatui::perf: long await on events.next elapsed_ms=246 event="tick"
2026-05-31T19:50:49.775906Z TRACE teatui::loop: phase="pre_draw"
2026-05-31T19:50:49.780426Z TRACE teatui::loop: phase="pre_await"
2026-05-31T19:50:50.028293Z  INFO teatui::heartbeat: alive tick=13
2026-05-31T19:50:50.028293Z DEBUG teatui::perf: long await on events.next elapsed_ms=247 event="tick"
2026-05-31T19:50:50.028609Z TRACE teatui::loop: phase="pre_draw"
2026-05-31T19:50:50.031799Z TRACE teatui::loop: phase="pre_await"
2026-05-31T19:50:50.208150Z DEBUG teatui::perf: long await on events.next elapsed_ms=176 event="key"
2026-05-31T19:50:50.208341Z  INFO teatui::lifecycle: main loop exiting: should_quit
2026-05-31T19:50:50.208369Z  INFO teatui::lifecycle: main loop returned cleanly
2026-05-31T19:50:50.208530Z  INFO teatui::lifecycle: app.run returned run_ok=true
2026-05-31T19:50:50.209679Z  INFO teatui::lifecycle: tui.exit succeeded
